<?xml version="1.0" encoding="UTF-8" standalone="yes"?>
<ns2:test-suite start="1514039675646" stop="1514039752564" version="1.5.4" xmlns:ns2="urn:model.allure.qatools.yandex.ru">
    <name>Default Suite : test</name>
    <title>Default Suite : test</title>
    <test-cases>
        <test-case start="1514039675679" stop="1514039675683" status="pending">
            <name>negativePaymentTest</name>
            <failure>
                <message>Test not implemented yet</message>
                <stack-trace>There are no stack trace</stack-trace>
            </failure>
            <steps/>
            <attachments/>
            <labels>
                <label name="host" value="Mac-mini-Andrej.local"/>
                <label name="thread" value="23817@Mac-mini-Andrej.local.main(1)"/>
            </labels>
        </test-case>
        <test-case start="1514039675684" stop="1514039675685" status="pending">
            <name>test</name>
            <failure>
                <message>Test not implemented yet</message>
                <stack-trace>There are no stack trace</stack-trace>
            </failure>
            <steps/>
            <attachments/>
            <labels>
                <label name="host" value="Mac-mini-Andrej.local"/>
                <label name="thread" value="23817@Mac-mini-Andrej.local.main(1)"/>
            </labels>
        </test-case>
        <test-case start="1514039752534" stop="1514039752535" status="broken">
            <name>preconditions</name>
            <description>@BeforeClass</description>
            <failure>
                <message>IndexOutOfBoundsException: Index: 0, Size: 0</message>
                <stack-trace>java.lang.IndexOutOfBoundsException: Index: 0, Size: 0
	at java.util.ArrayList.rangeCheck(ArrayList.java:653)
	at java.util.ArrayList.get(ArrayList.java:429)
	at appmanager.PaymentsHelper.checkIsFirstProvider(PaymentsHelper.java:52)
	at ZhkuMoskvaTests.preconditions(ZhkuMoskvaTests.java:34)
	at sun.reflect.NativeMethodAccessorImpl.invoke0(Native Method)
	at sun.reflect.NativeMethodAccessorImpl.invoke(NativeMethodAccessorImpl.java:62)
	at sun.reflect.DelegatingMethodAccessorImpl.invoke(DelegatingMethodAccessorImpl.java:43)
	at java.lang.reflect.Method.invoke(Method.java:498)
	at org.testng.internal.MethodInvocationHelper.invokeMethod(MethodInvocationHelper.java:124)
	at org.testng.internal.MethodInvocationHelper.invokeMethodConsideringTimeout(MethodInvocationHelper.java:59)
	at org.testng.internal.Invoker.invokeConfigurationMethod(Invoker.java:451)
	at org.testng.internal.Invoker.invokeConfigurations(Invoker.java:222)
	at org.testng.internal.Invoker.invokeConfigurations(Invoker.java:142)
	at org.testng.internal.TestMethodWorker.invokeBeforeClassMethods(TestMethodWorker.java:163)
	at org.testng.internal.TestMethodWorker.run(TestMethodWorker.java:105)
	at org.testng.TestRunner.privateRun(TestRunner.java:648)
	at org.testng.TestRunner.run(TestRunner.java:505)
	at org.testng.SuiteRunner.runTest(SuiteRunner.java:455)
	at org.testng.SuiteRunner.runSequentially(SuiteRunner.java:450)
	at org.testng.SuiteRunner.privateRun(SuiteRunner.java:415)
	at org.testng.SuiteRunner.run(SuiteRunner.java:364)
	at org.testng.SuiteRunnerWorker.runSuite(SuiteRunnerWorker.java:52)
	at org.testng.SuiteRunnerWorker.run(SuiteRunnerWorker.java:84)
	at org.testng.TestNG.runSuitesSequentially(TestNG.java:1187)
	at org.testng.TestNG.runSuitesLocally(TestNG.java:1116)
	at org.testng.TestNG.runSuites(TestNG.java:1028)
	at org.testng.TestNG.run(TestNG.java:996)
	at org.testng.IDEARemoteTestNG.run(IDEARemoteTestNG.java:72)
	at org.testng.RemoteTestNGStarter.main(RemoteTestNGStarter.java:124)
</stack-trace>
            </failure>
            <steps/>
            <attachments/>
            <labels>
                <label name="host" value="Mac-mini-Andrej.local"/>
                <label name="thread" value="23817@Mac-mini-Andrej.local.main(1)"/>
            </labels>
        </test-case>
        <test-case start="1514039752560" stop="1514039752562" status="canceled">
            <name>test2</name>
            <failure>
                <message>: Skipped due to dependency on other skipped or failed test methods</message>
                <stack-trace>ru.yandex.qatools.allure.testng.AllureTestListener$1: Skipped due to dependency on other skipped or failed test methods
	at ru.yandex.qatools.allure.testng.AllureTestListener.fireTestCaseCancel(AllureTestListener.java:425)
	at ru.yandex.qatools.allure.testng.AllureTestListener.onTestSkipped(AllureTestListener.java:186)
	at org.testng.internal.TestListenerHelper.runTestListeners(TestListenerHelper.java:61)
	at org.testng.internal.Invoker.runTestListeners(Invoker.java:1379)
	at org.testng.internal.Invoker.registerSkippedTestResult(Invoker.java:1053)
	at org.testng.internal.Invoker.invokeMethod(Invoker.java:522)
	at org.testng.internal.Invoker.invokeTestMethod(Invoker.java:707)
	at org.testng.internal.Invoker.invokeTestMethods(Invoker.java:979)
	at org.testng.internal.TestMethodWorker.invokeTestMethods(TestMethodWorker.java:125)
	at org.testng.internal.TestMethodWorker.run(TestMethodWorker.java:109)
	at org.testng.TestRunner.privateRun(TestRunner.java:648)
	at org.testng.TestRunner.run(TestRunner.java:505)
	at org.testng.SuiteRunner.runTest(SuiteRunner.java:455)
	at org.testng.SuiteRunner.runSequentially(SuiteRunner.java:450)
	at org.testng.SuiteRunner.privateRun(SuiteRunner.java:415)
	at org.testng.SuiteRunner.run(SuiteRunner.java:364)
	at org.testng.SuiteRunnerWorker.runSuite(SuiteRunnerWorker.java:52)
	at org.testng.SuiteRunnerWorker.run(SuiteRunnerWorker.java:84)
	at org.testng.TestNG.runSuitesSequentially(TestNG.java:1187)
	at org.testng.TestNG.runSuitesLocally(TestNG.java:1116)
	at org.testng.TestNG.runSuites(TestNG.java:1028)
	at org.testng.TestNG.run(TestNG.java:996)
	at org.testng.IDEARemoteTestNG.run(IDEARemoteTestNG.java:72)
	at org.testng.RemoteTestNGStarter.main(RemoteTestNGStarter.java:124)
</stack-trace>
            </failure>
            <steps/>
            <attachments/>
            <labels>
                <label name="testSuite" value="Default Suite"/>
                <label name="testGroup" value="test"/>
                <label name="testClass" value="ZhkuMoskvaTests"/>
                <label name="testMethod" value="test2"/>
                <label name="host" value="Mac-mini-Andrej.local"/>
                <label name="thread" value="23817@Mac-mini-Andrej.local.main(1)"/>
            </labels>
        </test-case>
    </test-cases>
    <labels>
        <label name="framework" value="TestNG"/>
        <label name="language" value="JAVA"/>
    </labels>
</ns2:test-suite>
