<?xml version="1.0" encoding="UTF-8" standalone="yes"?>
<ns2:test-suite start="1514026858635" stop="1514026898616" version="1.5.4" xmlns:ns2="urn:model.allure.qatools.yandex.ru">
    <name>Default Suite : test</name>
    <title>Default Suite : test</title>
    <test-cases>
        <test-case start="1514026865651" stop="1514026876840" status="passed">
            <name>negativePaymentTest[model.PaymentData@7544a1e4]</name>
            <steps/>
            <attachments/>
            <labels>
                <label name="testSuite" value="Default Suite"/>
                <label name="testGroup" value="test"/>
                <label name="testClass" value="ZhkuMoskvaTests"/>
                <label name="testMethod" value="negativePaymentTest"/>
                <label name="host" value="Mac-mini-Andrej.local"/>
                <label name="thread" value="23387@Mac-mini-Andrej.local.main(1)"/>
            </labels>
        </test-case>
        <test-case start="1514026876844" stop="1514026883968" status="passed">
            <name>negativePaymentTest[model.PaymentData@512d92b]</name>
            <steps/>
            <attachments/>
            <labels>
                <label name="testSuite" value="Default Suite"/>
                <label name="testGroup" value="test"/>
                <label name="testClass" value="ZhkuMoskvaTests"/>
                <label name="testMethod" value="negativePaymentTest"/>
                <label name="host" value="Mac-mini-Andrej.local"/>
                <label name="thread" value="23387@Mac-mini-Andrej.local.main(1)"/>
            </labels>
        </test-case>
        <test-case start="1514026883970" stop="1514026898613" status="broken">
            <name>negativePaymentTest[model.PaymentData@3ad394e6]</name>
            <failure>
                <message>Test was interrupted</message>
            </failure>
            <labels>
                <label name="testSuite" value="Default Suite"/>
                <label name="testGroup" value="test"/>
                <label name="testClass" value="ZhkuMoskvaTests"/>
                <label name="testMethod" value="negativePaymentTest"/>
                <label name="host" value="Mac-mini-Andrej.local"/>
                <label name="thread" value="23387@Mac-mini-Andrej.local.main(1)"/>
            </labels>
        </test-case>
        <test-case start="1514026858635" stop="1514026898614" status="broken">
            <name>Default Suite : test</name>
            <title>Default Suite : test</title>
            <failure>
                <message>Test suite was interrupted, some test cases may be lost</message>
            </failure>
        </test-case>
    </test-cases>
    <labels>
        <label name="framework" value="TestNG"/>
        <label name="language" value="JAVA"/>
    </labels>
</ns2:test-suite>
